c:\users\renyu\downloads\luasocket-2.0.2 (3)\luasocket-2.0.2\x64\release\wsocket.obj
c:\users\renyu\downloads\luasocket-2.0.2 (3)\luasocket-2.0.2\x64\release\udp.obj
c:\users\renyu\downloads\luasocket-2.0.2 (3)\luasocket-2.0.2\x64\release\timeout.obj
c:\users\renyu\downloads\luasocket-2.0.2 (3)\luasocket-2.0.2\x64\release\tcp.obj
c:\users\renyu\downloads\luasocket-2.0.2 (3)\luasocket-2.0.2\x64\release\select.obj
c:\users\renyu\downloads\luasocket-2.0.2 (3)\luasocket-2.0.2\x64\release\options.obj
c:\users\renyu\downloads\luasocket-2.0.2 (3)\luasocket-2.0.2\x64\release\luasocket.obj
c:\users\renyu\downloads\luasocket-2.0.2 (3)\luasocket-2.0.2\x64\release\io.obj
c:\users\renyu\downloads\luasocket-2.0.2 (3)\luasocket-2.0.2\x64\release\inet.obj
c:\users\renyu\downloads\luasocket-2.0.2 (3)\luasocket-2.0.2\x64\release\except.obj
c:\users\renyu\downloads\luasocket-2.0.2 (3)\luasocket-2.0.2\x64\release\buffer.obj
c:\users\renyu\downloads\luasocket-2.0.2 (3)\luasocket-2.0.2\x64\release\auxiliar.obj
c:\users\renyu\downloads\luasocket-2.0.2 (3)\luasocket-2.0.2\x64\release\socket.dll
c:\users\renyu\downloads\luasocket-2.0.2 (3)\luasocket-2.0.2\x64\release\socket.pdb
c:\users\renyu\downloads\luasocket-2.0.2 (3)\luasocket-2.0.2\x64\release\socket.lib
c:\users\renyu\downloads\luasocket-2.0.2 (3)\luasocket-2.0.2\x64\release\socket.exp
c:\users\renyu\downloads\luasocket-2.0.2 (3)\luasocket-2.0.2\x64\release\mime.obj
c:\users\renyu\downloads\luasocket-2.0.2 (3)\luasocket-2.0.2\x64\release\mime.exp
c:\users\renyu\downloads\luasocket-2.0.2 (3)\luasocket-2.0.2\x64\release\mime.pdb
c:\users\renyu\downloads\luasocket-2.0.2 (3)\luasocket-2.0.2\x64\release\socket.tlog\cl.command.1.tlog
c:\users\renyu\downloads\luasocket-2.0.2 (3)\luasocket-2.0.2\x64\release\socket.tlog\cl.read.1.tlog
c:\users\renyu\downloads\luasocket-2.0.2 (3)\luasocket-2.0.2\x64\release\socket.tlog\cl.write.1.tlog
c:\users\renyu\downloads\luasocket-2.0.2 (3)\luasocket-2.0.2\x64\release\socket.tlog\link.command.1.tlog
c:\users\renyu\downloads\luasocket-2.0.2 (3)\luasocket-2.0.2\x64\release\socket.tlog\link.read.1.tlog
c:\users\renyu\downloads\luasocket-2.0.2 (3)\luasocket-2.0.2\x64\release\socket.tlog\link.write.1.tlog
c:\users\renyu\downloads\luasocket-2.0.2 (3)\luasocket-2.0.2\x64\release\socket.tlog\socket.write.1u.tlog
